#
# There is insufficient memory for the Java Runtime Environment to continue.
# Native memory allocation (mmap) failed to map 88080384 bytes for committing reserved memory.
# Possible reasons:
#   The system is out of physical RAM or swap space
#   In 32 bit mode, the process size limit was hit
# Possible solutions:
#   Reduce memory load on the system
#   Increase physical memory or swap space
#   Check if swap backing store is full
#   Use 64 bit Java on a 64 bit OS
#   Decrease Java heap size (-Xmx/-Xms)
#   Decrease number of Java threads
#   Decrease Java thread stack sizes (-Xss)
#   Set larger code cache with -XX:ReservedCodeCacheSize=
# This output file may be truncated or incomplete.
#
#  Out of Memory Error (os_linux.cpp:2643), pid=26428, tid=0x00007f704179a700
#
# JRE version:  (8.0_181-b13) (build )
# Java VM: OpenJDK 64-Bit Server VM (25.181-b13 mixed mode linux-amd64 compressed oops)
# Failed to write core dump. Core dumps have been disabled. To enable core dumping, try "ulimit -c unlimited" before starting Java again
#

---------------  T H R E A D  ---------------

Current thread (0x00007f703800b000):  JavaThread "Unknown thread" [_thread_in_vm, id=26429, stack(0x00007f704169b000,0x00007f704179b000)]

Stack: [0x00007f704169b000,0x00007f704179b000],  sp=0x00007f7041799590,  free space=1017k
Native frames: (J=compiled Java code, j=interpreted, Vv=VM code, C=native code)
V  [libjvm.so+0xaaea62]
V  [libjvm.so+0x4d9897]
V  [libjvm.so+0x8e9c60]
V  [libjvm.so+0x8e41be]
V  [libjvm.so+0x964a16]
V  [libjvm.so+0x954d4c]
V  [libjvm.so+0x2b3c2e]
V  [libjvm.so+0x9119a1]
V  [libjvm.so+0xa7105a]
V  [libjvm.so+0xa71345]
V  [libjvm.so+0x62675f]
V  [libjvm.so+0xa54a9b]
V  [libjvm.so+0x6a8cb1]  JNI_CreateJavaVM+0x61
C  [libjli.so+0x2ce3]
C  [libjli.so+0x77ad]
C  [libpthread.so.0+0x76db]  start_thread+0xdb


---------------  P R O C E S S  ---------------

Java Threads: ( => current thread )

Other Threads:

=>0x00007f703800b000 (exited) JavaThread "Unknown thread" [_thread_in_vm, id=26429, stack(0x00007f704169b000,0x00007f704179b000)]

VM state:not at safepoint (not fully initialized)

VM Mutex/Monitor currently owned by a thread: None

GC Heap History (0 events):
No events

Deoptimization events (0 events):
No events

Classes redefined (0 events):
No events

Internal exceptions (0 events):
No events

Events (0 events):
No events


Dynamic libraries:
88800000-d6700000 ---p 00000000 00:00 0 
d6700000-d9100000 rw-p 00000000 00:00 0 
d9100000-100000000 ---p 00000000 00:00 0 
55b36b40f000-55b36b410000 r-xp 00000000 08:06 1188999                    /usr/lib/jvm/java-8-openjdk-amd64/jre/bin/java
55b36b60f000-55b36b610000 r--p 00000000 08:06 1188999                    /usr/lib/jvm/java-8-openjdk-amd64/jre/bin/java
55b36b610000-55b36b611000 rw-p 00001000 08:06 1188999                    /usr/lib/jvm/java-8-openjdk-amd64/jre/bin/java
55b36cb8d000-55b36cbae000 rw-p 00000000 00:00 0                          [heap]
7f7029000000-7f7029270000 rwxp 00000000 00:00 0 
7f7029270000-7f7038000000 ---p 00000000 00:00 0 
7f7038000000-7f7038032000 rw-p 00000000 00:00 0 
7f7038032000-7f703c000000 ---p 00000000 00:00 0 
7f703d84f000-7f703dae8000 ---p 00000000 00:00 0 
7f703dae8000-7f703dafe000 rw-p 00000000 00:00 0 
7f703dafe000-7f703dc35000 ---p 00000000 00:00 0 
7f703dc35000-7f703dc40000 rw-p 00000000 00:00 0 
7f703dc40000-7f703dff6000 ---p 00000000 00:00 0 
7f703dff6000-7f703dffe000 r-xp 00000000 08:06 1189045                    /usr/lib/jvm/java-8-openjdk-amd64/jre/lib/amd64/libzip.so
7f703dffe000-7f703e1fd000 ---p 00008000 08:06 1189045                    /usr/lib/jvm/java-8-openjdk-amd64/jre/lib/amd64/libzip.so
7f703e1fd000-7f703e1fe000 r--p 00007000 08:06 1189045                    /usr/lib/jvm/java-8-openjdk-amd64/jre/lib/amd64/libzip.so
7f703e1fe000-7f703e1ff000 rw-p 00008000 08:06 1189045                    /usr/lib/jvm/java-8-openjdk-amd64/jre/lib/amd64/libzip.so
7f703e1ff000-7f703e20a000 r-xp 00000000 08:06 659062                     /lib/x86_64-linux-gnu/libnss_files-2.27.so
7f703e20a000-7f703e409000 ---p 0000b000 08:06 659062                     /lib/x86_64-linux-gnu/libnss_files-2.27.so
7f703e409000-7f703e40a000 r--p 0000a000 08:06 659062                     /lib/x86_64-linux-gnu/libnss_files-2.27.so
7f703e40a000-7f703e40b000 rw-p 0000b000 08:06 659062                     /lib/x86_64-linux-gnu/libnss_files-2.27.so
7f703e40b000-7f703e411000 rw-p 00000000 00:00 0 
7f703e411000-7f703e428000 r-xp 00000000 08:06 659056                     /lib/x86_64-linux-gnu/libnsl-2.27.so
7f703e428000-7f703e627000 ---p 00017000 08:06 659056                     /lib/x86_64-linux-gnu/libnsl-2.27.so
7f703e627000-7f703e628000 r--p 00016000 08:06 659056                     /lib/x86_64-linux-gnu/libnsl-2.27.so
7f703e628000-7f703e629000 rw-p 00017000 08:06 659056                     /lib/x86_64-linux-gnu/libnsl-2.27.so
7f703e629000-7f703e62b000 rw-p 00000000 00:00 0 
7f703e62b000-7f703e636000 r-xp 00000000 08:06 659073                     /lib/x86_64-linux-gnu/libnss_nis-2.27.so
7f703e636000-7f703e835000 ---p 0000b000 08:06 659073                     /lib/x86_64-linux-gnu/libnss_nis-2.27.so
7f703e835000-7f703e836000 r--p 0000a000 08:06 659073                     /lib/x86_64-linux-gnu/libnss_nis-2.27.so
7f703e836000-7f703e837000 rw-p 0000b000 08:06 659073                     /lib/x86_64-linux-gnu/libnss_nis-2.27.so
7f703e837000-7f703e83f000 r-xp 00000000 08:06 659058                     /lib/x86_64-linux-gnu/libnss_compat-2.27.so
7f703e83f000-7f703ea3f000 ---p 00008000 08:06 659058                     /lib/x86_64-linux-gnu/libnss_compat-2.27.so
7f703ea3f000-7f703ea40000 r--p 00008000 08:06 659058                     /lib/x86_64-linux-gnu/libnss_compat-2.27.so
7f703ea40000-7f703ea41000 rw-p 00009000 08:06 659058                     /lib/x86_64-linux-gnu/libnss_compat-2.27.so
7f703ea41000-7f703ea6f000 r-xp 00000000 08:06 1189026                    /usr/lib/jvm/java-8-openjdk-amd64/jre/lib/amd64/libjava.so
7f703ea6f000-7f703ec6e000 ---p 0002e000 08:06 1189026                    /usr/lib/jvm/java-8-openjdk-amd64/jre/lib/amd64/libjava.so
7f703ec6e000-7f703ec6f000 r--p 0002d000 08:06 1189026                    /usr/lib/jvm/java-8-openjdk-amd64/jre/lib/amd64/libjava.so
7f703ec6f000-7f703ec71000 rw-p 0002e000 08:06 1189026                    /usr/lib/jvm/java-8-openjdk-amd64/jre/lib/amd64/libjava.so
7f703ec71000-7f703ec81000 r-xp 00000000 08:06 1189044                    /usr/lib/jvm/java-8-openjdk-amd64/jre/lib/amd64/libverify.so
7f703ec81000-7f703ee80000 ---p 00010000 08:06 1189044                    /usr/lib/jvm/java-8-openjdk-amd64/jre/lib/amd64/libverify.so
7f703ee80000-7f703ee82000 r--p 0000f000 08:06 1189044                    /usr/lib/jvm/java-8-openjdk-amd64/jre/lib/amd64/libverify.so
7f703ee82000-7f703ee83000 rw-p 00011000 08:06 1189044                    /usr/lib/jvm/java-8-openjdk-amd64/jre/lib/amd64/libverify.so
7f703ee83000-7f703ee8a000 r-xp 00000000 08:06 659113                     /lib/x86_64-linux-gnu/librt-2.27.so
7f703ee8a000-7f703f089000 ---p 00007000 08:06 659113                     /lib/x86_64-linux-gnu/librt-2.27.so
7f703f089000-7f703f08a000 r--p 00006000 08:06 659113                     /lib/x86_64-linux-gnu/librt-2.27.so
7f703f08a000-7f703f08b000 rw-p 00007000 08:06 659113                     /lib/x86_64-linux-gnu/librt-2.27.so
7f703f08b000-7f703f0a2000 r-xp 00000000 08:06 652843                     /lib/x86_64-linux-gnu/libgcc_s.so.1
7f703f0a2000-7f703f2a1000 ---p 00017000 08:06 652843                     /lib/x86_64-linux-gnu/libgcc_s.so.1
7f703f2a1000-7f703f2a2000 r--p 00016000 08:06 652843                     /lib/x86_64-linux-gnu/libgcc_s.so.1
7f703f2a2000-7f703f2a3000 rw-p 00017000 08:06 652843                     /lib/x86_64-linux-gnu/libgcc_s.so.1
7f703f2a3000-7f703f440000 r-xp 00000000 08:06 659035                     /lib/x86_64-linux-gnu/libm-2.27.so
7f703f440000-7f703f63f000 ---p 0019d000 08:06 659035                     /lib/x86_64-linux-gnu/libm-2.27.so
7f703f63f000-7f703f640000 r--p 0019c000 08:06 659035                     /lib/x86_64-linux-gnu/libm-2.27.so
7f703f640000-7f703f641000 rw-p 0019d000 08:06 659035                     /lib/x86_64-linux-gnu/libm-2.27.so
7f703f641000-7f703f7ba000 r-xp 00000000 08:06 391981                     /usr/lib/x86_64-linux-gnu/libstdc++.so.6.0.25
7f703f7ba000-7f703f9ba000 ---p 00179000 08:06 391981                     /usr/lib/x86_64-linux-gnu/libstdc++.so.6.0.25
7f703f9ba000-7f703f9c4000 r--p 00179000 08:06 391981                     /usr/lib/x86_64-linux-gnu/libstdc++.so.6.0.25
7f703f9c4000-7f703f9c6000 rw-p 00183000 08:06 391981                     /usr/lib/x86_64-linux-gnu/libstdc++.so.6.0.25
7f703f9c6000-7f703f9ca000 rw-p 00000000 00:00 0 
7f703f9ca000-7f704065f000 r-xp 00000000 08:06 1189048                    /usr/lib/jvm/java-8-openjdk-amd64/jre/lib/amd64/server/libjvm.so
7f704065f000-7f704085e000 ---p 00c95000 08:06 1189048                    /usr/lib/jvm/java-8-openjdk-amd64/jre/lib/amd64/server/libjvm.so
7f704085e000-7f70408f2000 r--p 00c94000 08:06 1189048                    /usr/lib/jvm/java-8-openjdk-amd64/jre/lib/amd64/server/libjvm.so
7f70408f2000-7f704091a000 rw-p 00d28000 08:06 1189048                    /usr/lib/jvm/java-8-openjdk-amd64/jre/lib/amd64/server/libjvm.so
7f704091a000-7f704094b000 rw-p 00000000 00:00 0 
7f704094b000-7f7040965000 r-xp 00000000 08:06 659105                     /lib/x86_64-linux-gnu/libpthread-2.27.so
7f7040965000-7f7040b64000 ---p 0001a000 08:06 659105                     /lib/x86_64-linux-gnu/libpthread-2.27.so
7f7040b64000-7f7040b65000 r--p 00019000 08:06 659105                     /lib/x86_64-linux-gnu/libpthread-2.27.so
7f7040b65000-7f7040b66000 rw-p 0001a000 08:06 659105                     /lib/x86_64-linux-gnu/libpthread-2.27.so
7f7040b66000-7f7040b6a000 rw-p 00000000 00:00 0 
7f7040b6a000-7f7040b6d000 r-xp 00000000 08:06 658995                     /lib/x86_64-linux-gnu/libdl-2.27.so
7f7040b6d000-7f7040d6c000 ---p 00003000 08:06 658995                     /lib/x86_64-linux-gnu/libdl-2.27.so
7f7040d6c000-7f7040d6d000 r--p 00002000 08:06 658995                     /lib/x86_64-linux-gnu/libdl-2.27.so
7f7040d6d000-7f7040d6e000 rw-p 00003000 08:06 658995                     /lib/x86_64-linux-gnu/libdl-2.27.so
7f7040d6e000-7f7040d8a000 r-xp 00000000 08:06 659144                     /lib/x86_64-linux-gnu/libz.so.1.2.11
7f7040d8a000-7f7040f89000 ---p 0001c000 08:06 659144                     /lib/x86_64-linux-gnu/libz.so.1.2.11
7f7040f89000-7f7040f8a000 r--p 0001b000 08:06 659144                     /lib/x86_64-linux-gnu/libz.so.1.2.11
7f7040f8a000-7f7040f8b000 rw-p 0001c000 08:06 659144                     /lib/x86_64-linux-gnu/libz.so.1.2.11
7f7040f8b000-7f7041172000 r-xp 00000000 08:06 658972                     /lib/x86_64-linux-gnu/libc-2.27.so
7f7041172000-7f7041372000 ---p 001e7000 08:06 658972                     /lib/x86_64-linux-gnu/libc-2.27.so
7f7041372000-7f7041376000 r--p 001e7000 08:06 658972                     /lib/x86_64-linux-gnu/libc-2.27.so
7f7041376000-7f7041378000 rw-p 001eb000 08:06 658972                     /lib/x86_64-linux-gnu/libc-2.27.so
7f7041378000-7f704137c000 rw-p 00000000 00:00 0 
7f704137c000-7f704138a000 r-xp 00000000 08:06 1189012                    /usr/lib/jvm/java-8-openjdk-amd64/jre/lib/amd64/jli/libjli.so
7f704138a000-7f7041589000 ---p 0000e000 08:06 1189012                    /usr/lib/jvm/java-8-openjdk-amd64/jre/lib/amd64/jli/libjli.so
7f7041589000-7f704158a000 r--p 0000d000 08:06 1189012                    /usr/lib/jvm/java-8-openjdk-amd64/jre/lib/amd64/jli/libjli.so
7f704158a000-7f704158b000 rw-p 0000e000 08:06 1189012                    /usr/lib/jvm/java-8-openjdk-amd64/jre/lib/amd64/jli/libjli.so
7f704158b000-7f70415b2000 r-xp 00000000 08:06 658944                     /lib/x86_64-linux-gnu/ld-2.27.so
7f704169a000-7f704169b000 ---p 00000000 00:00 0 
7f704169b000-7f704169e000 ---p 00000000 00:00 0 
7f704169e000-7f704179d000 rw-p 00000000 00:00 0 
7f70417a6000-7f70417ae000 rw-s 00000000 08:06 261741                     /tmp/hsperfdata_sergio/26428
7f70417ae000-7f70417af000 rw-p 00000000 00:00 0 
7f70417af000-7f70417b0000 r--p 00000000 00:00 0 
7f70417b0000-7f70417b2000 rw-p 00000000 00:00 0 
7f70417b2000-7f70417b3000 r--p 00027000 08:06 658944                     /lib/x86_64-linux-gnu/ld-2.27.so
7f70417b3000-7f70417b4000 rw-p 00028000 08:06 658944                     /lib/x86_64-linux-gnu/ld-2.27.so
7f70417b4000-7f70417b5000 rw-p 00000000 00:00 0 
7ffc304c2000-7ffc304e3000 rw-p 00000000 00:00 0                          [stack]
7ffc30547000-7ffc3054a000 r--p 00000000 00:00 0                          [vvar]
7ffc3054a000-7ffc3054c000 r-xp 00000000 00:00 0                          [vdso]
ffffffffff600000-ffffffffff601000 r-xp 00000000 00:00 0                  [vsyscall]

VM Arguments:
java_command: /home/sergio/NetBeansProjects/Fichar/target/surefire/surefirebooter5483999200661704164.jar /home/sergio/NetBeansProjects/Fichar/target/surefire/surefire1962643169429308861tmp /home/sergio/NetBeansProjects/Fichar/target/surefire/surefire1861442841405468906tmp
java_class_path (initial): /home/sergio/NetBeansProjects/Fichar/target/surefire/surefirebooter5483999200661704164.jar
Launcher Type: SUN_STANDARD

Environment Variables:
JAVA_HOME=/usr/lib/jvm/java-8-openjdk-amd64
PATH=/usr/local/sbin:/usr/local/bin:/usr/sbin:/usr/bin:/sbin:/bin:/usr/games:/usr/local/games:/snap/bin:/usr/lib/jvm/java-8-oracle/bin:/usr/lib/jvm/java-8-oracle/db/bin:/usr/lib/jvm/java-8-oracle/jre/bin
USERNAME=sergio
LD_LIBRARY_PATH=/usr/lib/jvm/java-8-openjdk-amd64/jre/lib/amd64:/usr/lib/jvm/java-8-openjdk-amd64/jre/lib/i386:
SHELL=/bin/bash
DISPLAY=:0

Signal Handlers:
SIGSEGV: [libjvm.so+0xaaf3b0], sa_mask[0]=11111111011111111101111111111110, sa_flags=SA_RESTART|SA_SIGINFO
SIGBUS: [libjvm.so+0xaaf3b0], sa_mask[0]=11111111011111111101111111111110, sa_flags=SA_RESTART|SA_SIGINFO
SIGFPE: [libjvm.so+0x8e52f0], sa_mask[0]=11111111011111111101111111111110, sa_flags=SA_RESTART|SA_SIGINFO
SIGPIPE: [libjvm.so+0x8e52f0], sa_mask[0]=11111111011111111101111111111110, sa_flags=SA_RESTART|SA_SIGINFO
SIGXFSZ: [libjvm.so+0x8e52f0], sa_mask[0]=11111111011111111101111111111110, sa_flags=SA_RESTART|SA_SIGINFO
SIGILL: [libjvm.so+0x8e52f0], sa_mask[0]=11111111011111111101111111111110, sa_flags=SA_RESTART|SA_SIGINFO
SIGUSR1: SIG_DFL, sa_mask[0]=00000000000000000000000000000000, sa_flags=none
SIGUSR2: [libjvm.so+0x8e51a0], sa_mask[0]=00100000000000000000000000000000, sa_flags=SA_RESTART|SA_SIGINFO
SIGHUP: SIG_DFL, sa_mask[0]=00000000000000000000000000000000, sa_flags=none
SIGINT: SIG_IGN, sa_mask[0]=00000000000000000000000000000000, sa_flags=none
SIGTERM: SIG_DFL, sa_mask[0]=00000000000000000000000000000000, sa_flags=none
SIGQUIT: SIG_DFL, sa_mask[0]=00000000000000000000000000000000, sa_flags=none


---------------  S Y S T E M  ---------------

OS:DISTRIB_ID=Ubuntu
DISTRIB_RELEASE=18.04
DISTRIB_CODENAME=bionic
DISTRIB_DESCRIPTION="Ubuntu 18.04.1 LTS"

uname:Linux 4.15.0-39-generic #42-Ubuntu SMP Tue Oct 23 15:48:01 UTC 2018 x86_64
libc:glibc 2.27 NPTL 2.27 
rlimit: STACK 8192k, CORE 0k, NPROC 31669, NOFILE 1048576, AS infinity
load average:8.63 5.10 3.08

/proc/meminfo:
MemTotal:        8167940 kB
MemFree:          119360 kB
MemAvailable:      24204 kB
Buffers:            3184 kB
Cached:           172368 kB
SwapCached:          672 kB
Active:          6971820 kB
Inactive:         892620 kB
Active(anon):    6950144 kB
Inactive(anon):   868784 kB
Active(file):      21676 kB
Inactive(file):    23836 kB
Unevictable:          32 kB
Mlocked:              32 kB
SwapTotal:       1464316 kB
SwapFree:              0 kB
Dirty:               772 kB
Writeback:           460 kB
AnonPages:       7688344 kB
Mapped:           165336 kB
Shmem:            129960 kB
Slab:              73804 kB
SReclaimable:      34148 kB
SUnreclaim:        39656 kB
KernelStack:       11600 kB
PageTables:        56144 kB
NFS_Unstable:          0 kB
Bounce:                0 kB
WritebackTmp:          0 kB
CommitLimit:     5548284 kB
Committed_AS:   13294604 kB
VmallocTotal:   34359738367 kB
VmallocUsed:           0 kB
VmallocChunk:          0 kB
HardwareCorrupted:     0 kB
AnonHugePages:         0 kB
ShmemHugePages:        0 kB
ShmemPmdMapped:        0 kB
CmaTotal:              0 kB
CmaFree:               0 kB
HugePages_Total:       0
HugePages_Free:        0
HugePages_Rsvd:        0
HugePages_Surp:        0
Hugepagesize:       2048 kB
DirectMap4k:      131008 kB
DirectMap2M:     8257536 kB


CPU:total 4 (initial active 4) (4 cores per cpu, 1 threads per core) family 6 model 94 stepping 3, cmov, cx8, fxsr, mmx, sse, sse2, sse3, ssse3, sse4.1, sse4.2, popcnt, avx, avx2, aes, clmul, 3dnowpref, lzcnt, tsc, tscinvbit

/proc/cpuinfo:
processor	: 0
vendor_id	: GenuineIntel
cpu family	: 6
model		: 94
model name	: Intel(R) Core(TM) i5-6600K CPU @ 3.50GHz
stepping	: 3
cpu MHz		: 3503.998
cache size	: 6144 KB
physical id	: 0
siblings	: 4
core id		: 0
cpu cores	: 4
apicid		: 0
initial apicid	: 0
fpu		: yes
fpu_exception	: yes
cpuid level	: 22
wp		: yes
flags		: fpu vme de pse tsc msr pae mce cx8 apic sep mtrr pge mca cmov pat pse36 clflush mmx fxsr sse sse2 ht syscall nx rdtscp lm constant_tsc rep_good nopl xtopology nonstop_tsc cpuid pni pclmulqdq ssse3 cx16 sse4_1 sse4_2 x2apic movbe popcnt aes xsave avx rdrand hypervisor lahf_lm abm 3dnowprefetch pti avx2 rdseed clflushopt
bugs		: cpu_meltdown spectre_v1 spectre_v2 spec_store_bypass l1tf
bogomips	: 7007.99
clflush size	: 64
cache_alignment	: 64
address sizes	: 39 bits physical, 48 bits virtual
power management:

processor	: 1
vendor_id	: GenuineIntel
cpu family	: 6
model		: 94
model name	: Intel(R) Core(TM) i5-6600K CPU @ 3.50GHz
stepping	: 3
cpu MHz		: 3503.998
cache size	: 6144 KB
physical id	: 0
siblings	: 4
core id		: 1
cpu cores	: 4
apicid		: 1
initial apicid	: 1
fpu		: yes
fpu_exception	: yes
cpuid level	: 22
wp		: yes
flags		: fpu vme de pse tsc msr pae mce cx8 apic sep mtrr pge mca cmov pat pse36 clflush mmx fxsr sse sse2 ht syscall nx rdtscp lm constant_tsc rep_good nopl xtopology nonstop_tsc cpuid pni pclmulqdq ssse3 cx16 sse4_1 sse4_2 x2apic movbe popcnt aes xsave avx rdrand hypervisor lahf_lm abm 3dnowprefetch pti avx2 rdseed clflushopt
bugs		: cpu_meltdown spectre_v1 spectre_v2 spec_store_bypass l1tf
bogomips	: 7007.99
clflush size	: 64
cache_alignment	: 64
address sizes	: 39 bits physical, 48 bits virtual
power management:

processor	: 2
vendor_id	: GenuineIntel
cpu family	: 6
model		: 94
model name	: Intel(R) Core(TM) i5-6600K CPU @ 3.50GHz
stepping	: 3
cpu MHz		: 3503.998
cache size	: 6144 KB
physical id	: 0
siblings	: 4
core id		: 2
cpu cores	: 4
apicid		: 2
initial apicid	: 2
fpu		: yes
fpu_exception	: yes
cpuid level	: 22
wp		: yes
flags		: fpu vme de pse tsc msr pae mce cx8 apic sep mtrr pge mca cmov pat pse36 clflush mmx fxsr sse sse2 ht syscall nx rdtscp lm constant_tsc rep_good nopl xtopology nonstop_tsc cpuid pni pclmulqdq ssse3 cx16 sse4_1 sse4_2 x2apic movbe popcnt aes xsave avx rdrand hypervisor lahf_lm abm 3dnowprefetch pti avx2 rdseed clflushopt
bugs		: cpu_meltdown spectre_v1 spectre_v2 spec_store_bypass l1tf
bogomips	: 7007.99
clflush size	: 64
cache_alignment	: 64
address sizes	: 39 bits physical, 48 bits virtual
power management:

processor	: 3
vendor_id	: GenuineIntel
cpu family	: 6
model		: 94
model name	: Intel(R) Core(TM) i5-6600K CPU @ 3.50GHz
stepping	: 3
cpu MHz		: 3503.998
cache size	: 6144 KB
physical id	: 0
siblings	: 4
core id		: 3
cpu cores	: 4
apicid		: 3
initial apicid	: 3
fpu		: yes
fpu_exception	: yes
cpuid level	: 22
wp		: yes
flags		: fpu vme de pse tsc msr pae mce cx8 apic sep mtrr pge mca cmov pat pse36 clflush mmx fxsr sse sse2 ht syscall nx rdtscp lm constant_tsc rep_good nopl xtopology nonstop_tsc cpuid pni pclmulqdq ssse3 cx16 sse4_1 sse4_2 x2apic movbe popcnt aes xsave avx rdrand hypervisor lahf_lm abm 3dnowprefetch pti avx2 rdseed clflushopt
bugs		: cpu_meltdown spectre_v1 spectre_v2 spec_store_bypass l1tf
bogomips	: 7007.99
clflush size	: 64
cache_alignment	: 64
address sizes	: 39 bits physical, 48 bits virtual
power management:



Memory: 4k page, physical 8167940k(119360k free), swap 1464316k(0k free)

vm_info: OpenJDK 64-Bit Server VM (25.181-b13) for linux-amd64 JRE (1.8.0_181-8u181-b13-1ubuntu0.18.04.1-b13), built on Oct 22 2018 17:29:08 by "buildd" with gcc 7.3.0

time: Wed Nov 21 22:55:03 2018
elapsed time: 3 seconds (0d 0h 0m 3s)

